/Users/hyh/code/logic-lens/skills-workspace/iteration-1/eval-05-logic-explain-closure-capture/without_skill/outputs/output.md rc=0 bytes=    3754
/Users/hyh/code/logic-lens/skills-workspace/iteration-1/eval-07-logic-locate-off-by-one/without_skill/outputs/output.md rc=0 bytes=    3305
/Users/hyh/code/logic-lens/skills-workspace/iteration-1/eval-06-logic-diff-semantic-equivalence/without_skill/outputs/output.md rc=0 bytes=    4349
/Users/hyh/code/logic-lens/skills-workspace/iteration-1/eval-08-logic-health-sql-injection-module/without_skill/outputs/output.md rc=0 bytes=    4874
/Users/hyh/code/logic-lens/skills-workspace/iteration-1/eval-05-logic-explain-closure-capture/with_skill/outputs/output.md rc=0 bytes=    7476
/Users/hyh/code/logic-lens/skills-workspace/iteration-1/eval-07-logic-locate-off-by-one/with_skill/outputs/output.md rc=0 bytes=    6190
/Users/hyh/code/logic-lens/skills-workspace/iteration-1/eval-09-fix-all-applies-fixes-and-reports-fix-log/without_skill/outputs/output.md rc=0 bytes=    4753
/Users/hyh/code/logic-lens/skills-workspace/iteration-1/eval-10-fix-all-deduplicates-shared-root-cause/with_skill/outputs/output.md rc=1 bytes=     470
/Users/hyh/code/logic-lens/skills-workspace/iteration-1/eval-100-zh-python-mutation-during-iteration/with_skill/outputs/output.md rc=1 bytes=     470
/Users/hyh/code/logic-lens/skills-workspace/iteration-1/eval-10-fix-all-deduplicates-shared-root-cause/without_skill/outputs/output.md rc=1 bytes=    3890
/Users/hyh/code/logic-lens/skills-workspace/iteration-1/eval-101-deep-cross-file-callee-contract-l6/with_skill/outputs/output.md rc=1 bytes=     470
/Users/hyh/code/logic-lens/skills-workspace/iteration-1/eval-100-zh-python-mutation-during-iteration/without_skill/outputs/output.md rc=1 bytes=     470
/Users/hyh/code/logic-lens/skills-workspace/iteration-1/eval-06-logic-diff-semantic-equivalence/with_skill/outputs/output.md rc=1 bytes=   11395
/Users/hyh/code/logic-lens/skills-workspace/iteration-1/eval-101-deep-cross-file-callee-contract-l6/without_skill/outputs/output.md rc=1 bytes=     470
/Users/hyh/code/logic-lens/skills-workspace/iteration-1/eval-102-zh-python-generator-lazy/without_skill/outputs/output.md rc=1 bytes=      42
/Users/hyh/code/logic-lens/skills-workspace/iteration-1/eval-102-zh-python-generator-lazy/with_skill/outputs/output.md rc=1 bytes=     470
/Users/hyh/code/logic-lens/skills-workspace/iteration-1/eval-08-logic-health-sql-injection-module/with_skill/outputs/output.md rc=1 bytes=     470
/Users/hyh/code/logic-lens/skills-workspace/iteration-1/eval-103-deep-async-microtask-resolution/without_skill/outputs/output.md rc=1 bytes=      42
/Users/hyh/code/logic-lens/skills-workspace/iteration-1/eval-103-deep-async-microtask-resolution/with_skill/outputs/output.md rc=1 bytes=      42
/Users/hyh/code/logic-lens/skills-workspace/iteration-1/eval-104-zh-sql-rewrite-null-comparison/with_skill/outputs/output.md rc=1 bytes=     470
/Users/hyh/code/logic-lens/skills-workspace/iteration-1/eval-104-zh-sql-rewrite-null-comparison/without_skill/outputs/output.md rc=1 bytes=     470
/Users/hyh/code/logic-lens/skills-workspace/iteration-1/eval-105-deep-go-nil-interface-refactor/with_skill/outputs/output.md rc=1 bytes=     470
/Users/hyh/code/logic-lens/skills-workspace/iteration-1/eval-105-deep-go-nil-interface-refactor/without_skill/outputs/output.md rc=1 bytes=     470
/Users/hyh/code/logic-lens/skills-workspace/iteration-1/eval-106-zh-save-blank-undefined-access/with_skill/outputs/output.md rc=1 bytes=     470
/Users/hyh/code/logic-lens/skills-workspace/iteration-1/eval-107-deep-flaky-race-condition/with_skill/outputs/output.md rc=1 bytes=     470
/Users/hyh/code/logic-lens/skills-workspace/iteration-1/eval-106-zh-save-blank-undefined-access/without_skill/outputs/output.md rc=1 bytes=     470
/Users/hyh/code/logic-lens/skills-workspace/iteration-1/eval-107-deep-flaky-race-condition/without_skill/outputs/output.md rc=1 bytes=     470
/Users/hyh/code/logic-lens/skills-workspace/iteration-1/eval-108-zh-multi-module-health/with_skill/outputs/output.md rc=1 bytes=     470
/Users/hyh/code/logic-lens/skills-workspace/iteration-1/eval-108-zh-multi-module-health/without_skill/outputs/output.md rc=1 bytes=     470
/Users/hyh/code/logic-lens/skills-workspace/iteration-1/eval-109-deep-systemic-cross-module-l6/with_skill/outputs/output.md rc=1 bytes=     470
/Users/hyh/code/logic-lens/skills-workspace/iteration-1/eval-109-deep-systemic-cross-module-l6/without_skill/outputs/output.md rc=1 bytes=     470
/Users/hyh/code/logic-lens/skills-workspace/iteration-1/eval-09-fix-all-applies-fixes-and-reports-fix-log/with_skill/outputs/output.md rc=1 bytes=   11528
/Users/hyh/code/logic-lens/skills-workspace/iteration-1/eval-110-zh-fix-all-session-module/without_skill/outputs/output.md rc=1 bytes=     470
/Users/hyh/code/logic-lens/skills-workspace/iteration-1/eval-110-zh-fix-all-session-module/with_skill/outputs/output.md rc=1 bytes=     470
